<?xml version="1.0" encoding="UTF-8"?>
<!-- Generated by org.testng.reporters.JUnitXMLReporter -->
<testsuite ignored="3" hostname="DESKTOP-SUL59HV" failures="1" tests="8" name="Test" time="126.795" errors="0" timestamp="2020-07-24T21:49:50 IST">
  <testcase classname="com.goavegaInterview.tests.BaseTest" name="Test" time="0.027"/>
  <testcase classname="com.goavegaInterview.tests.HomePageTest" name="loginToApplication" time="10.682"/>
  <testcase classname="com.goavegaInterview.tests.BaseTest" name="Test" time="0.001"/>
  <testcase classname="com.goavegaInterview.tests.DashboardTest" name="acccessUserPage" time="10.488"/>
  <testcase classname="com.goavegaInterview.tests.BaseTest" name="Test" time="0.002"/>
  <testcase classname="com.goavegaInterview.tests.ViewUsersPageTest" name="accessCreateUserTest" time="8.723"/>
  <testcase classname="com.goavegaInterview.tests.BaseTest" name="Test" time="0.002"/>
  <testcase classname="com.goavegaInterview.tests.CreateUserTest" name="createUser" time="61.98">
    <failure type="org.openqa.selenium.ElementNotInteractableException" message="element not interactable
  (Session info: chrome=84.0.4147.89)
Build info: version: &amp;apos;3.141.59&amp;apos;, revision: &amp;apos;e82be7d358&amp;apos;, time: &amp;apos;2018-11-14T08:17:03&amp;apos;
System info: host: &amp;apos;DESKTOP-SUL59HV&amp;apos;, ip: &amp;apos;192.168.0.102&amp;apos;, os.name: &amp;apos;Windows 10&amp;apos;, os.arch: &amp;apos;amd64&amp;apos;, os.version: &amp;apos;10.0&amp;apos;, java.version: &amp;apos;13.0.1&amp;apos;
Driver info: org.openqa.selenium.chrome.ChromeDriver
Capabilities {acceptInsecureCerts: false, browserName: chrome, browserVersion: 84.0.4147.89, chrome: {chromedriverVersion: 83.0.4103.39 (ccbf011cb2d2b..., userDataDir: C:\Users\Admin\AppData\Loca...}, goog:chromeOptions: {debuggerAddress: localhost:64898}, javascriptEnabled: true, networkConnectionEnabled: false, pageLoadStrategy: normal, platform: WINDOWS, platformName: WINDOWS, proxy: Proxy(), setWindowRect: true, strictFileInteractability: false, timeouts: {implicit: 0, pageLoad: 300000, script: 30000}, unhandledPromptBehavior: dismiss and notify, webauthn:virtualAuthenticators: true}
Session ID: c965eff0cd28e530da97ba61657c5234">
      <![CDATA[org.openqa.selenium.ElementNotInteractableException: element not interactable
  (Session info: chrome=84.0.4147.89)
Build info: version: '3.141.59', revision: 'e82be7d358', time: '2018-11-14T08:17:03'
System info: host: 'DESKTOP-SUL59HV', ip: '192.168.0.102', os.name: 'Windows 10', os.arch: 'amd64', os.version: '10.0', java.version: '13.0.1'
Driver info: org.openqa.selenium.chrome.ChromeDriver
Capabilities {acceptInsecureCerts: false, browserName: chrome, browserVersion: 84.0.4147.89, chrome: {chromedriverVersion: 83.0.4103.39 (ccbf011cb2d2b..., userDataDir: C:\Users\Admin\AppData\Loca...}, goog:chromeOptions: {debuggerAddress: localhost:64898}, javascriptEnabled: true, networkConnectionEnabled: false, pageLoadStrategy: normal, platform: WINDOWS, platformName: WINDOWS, proxy: Proxy(), setWindowRect: true, strictFileInteractability: false, timeouts: {implicit: 0, pageLoad: 300000, script: 30000}, unhandledPromptBehavior: dismiss and notify, webauthn:virtualAuthenticators: true}
Session ID: c965eff0cd28e530da97ba61657c5234
at org.openqa.selenium.remote.http.W3CHttpResponseCodec.createException(W3CHttpResponseCodec.java:187)
at org.openqa.selenium.remote.http.W3CHttpResponseCodec.decode(W3CHttpResponseCodec.java:122)
at org.openqa.selenium.remote.http.W3CHttpResponseCodec.decode(W3CHttpResponseCodec.java:49)
at org.openqa.selenium.remote.HttpCommandExecutor.execute(HttpCommandExecutor.java:158)
at org.openqa.selenium.remote.service.DriverCommandExecutor.execute(DriverCommandExecutor.java:83)
at org.openqa.selenium.remote.RemoteWebDriver.execute(RemoteWebDriver.java:552)
at org.openqa.selenium.remote.RemoteWebElement.execute(RemoteWebElement.java:285)
at org.openqa.selenium.remote.RemoteWebElement.click(RemoteWebElement.java:84)
at org.openqa.selenium.support.pagefactory.internal.LocatingElementHandler.invoke(LocatingElementHandler.java:51)
at com.sun.proxy.$Proxy12.click(Unknown Source)
at com.goavega.pages.CreateUser.addUserToGroup(CreateUser.java:100)
at com.goavegaInterview.tests.CreateUserTest.createUser(CreateUserTest.java:15)
at java.base/java.util.ArrayList.forEach(ArrayList.java:1507)
... Removed 36 stack frames]]>
    </failure>
  </testcase> <!-- createUser -->
  <testcase classname="com.goavegaInterview.tests.BaseTest" name="@BeforeTest initiateDriver" time="0.0">
    <ignored/>
  </testcase> <!-- @BeforeTest initiateDriver -->
  <testcase classname="com.goavegaInterview.tests.BaseTest" name="@BeforeTest initiateDriver" time="0.0">
    <ignored/>
  </testcase> <!-- @BeforeTest initiateDriver -->
  <testcase classname="com.goavegaInterview.tests.BaseTest" name="@BeforeTest initiateDriver" time="0.0">
    <ignored/>
  </testcase> <!-- @BeforeTest initiateDriver -->
</testsuite> <!-- Test -->
